[debug] [2018-12-08T17:57:15.325Z] ----------------------------------------------------------------------
[debug] [2018-12-08T17:57:15.327Z] Command:       C:\Program Files\nodejs\node.exe C:\Users\dajo\AppData\Roaming\npm\node_modules\firebase-tools\lib\bin\firebase.js init
[debug] [2018-12-08T17:57:15.327Z] CLI Version:   6.1.2
[debug] [2018-12-08T17:57:15.327Z] Platform:      win32
[debug] [2018-12-08T17:57:15.328Z] Node Version:  v10.13.0
[debug] [2018-12-08T17:57:15.329Z] Time:          Sat Dec 08 2018 18:57:15 GMT+0100 (Central European Standard Time)
[debug] [2018-12-08T17:57:15.329Z] ----------------------------------------------------------------------
[debug] 
[debug] [2018-12-08T17:57:15.339Z] > command requires scopes: ["email","openid","https://www.googleapis.com/auth/cloudplatformprojects.readonly","https://www.googleapis.com/auth/firebase","https://www.googleapis.com/auth/cloud-platform"]
[debug] [2018-12-08T17:57:15.339Z] > authorizing via signed-in user
[info] 
     ######## #### ########  ######## ########     ###     ######  ########
     ##        ##  ##     ## ##       ##     ##  ##   ##  ##       ##
     ######    ##  ########  ######   ########  #########  ######  ######
     ##        ##  ##    ##  ##       ##     ## ##     ##       ## ##
     ##       #### ##     ## ######## ########  ##     ##  ######  ########

You're about to initialize a Firebase project in this directory:

  C:\Users\dajo\Documents\GitHub\__chat__\chat

Before we get started, keep in mind:

  * You are initializing in an existing Firebase project directory

